

[31m2024/01/03 14:12:13 [Recovery] 2024/01/03 - 14:12:13 panic recovered:
%!s(int=1111)
/Users/lihuang/GolandProjects/comment-chuli/controller/liveStartController.go:26 (0x15c8346)
	(*LiveStartController).Start: panic(1111)
/Users/lihuang/go/pkg/mod/github.com/gin-gonic/gin@v1.9.1/context.go:174 (0x15bf6a1)
	(*Context).Next: c.handlers[c.index](c)
/Users/lihuang/go/pkg/mod/github.com/gin-gonic/gin@v1.9.1/recovery.go:102 (0x15bf68c)
	CustomRecoveryWithWriter.func1: c.Next()
/Users/lihuang/go/pkg/mod/github.com/gin-gonic/gin@v1.9.1/context.go:174 (0x15bf6a1)
	(*Context).Next: c.handlers[c.index](c)
/Users/lihuang/go/pkg/mod/github.com/gin-gonic/gin@v1.9.1/recovery.go:102 (0x15bf68c)
	CustomRecoveryWithWriter.func1: c.Next()
/Users/lihuang/go/pkg/mod/github.com/gin-gonic/gin@v1.9.1/context.go:174 (0x15bd830)
	(*Context).Next: c.handlers[c.index](c)
/Users/lihuang/go/pkg/mod/github.com/gin-gonic/gin@v1.9.1/gin.go:620 (0x15bd498)
	(*Engine).handleHTTPRequest: c.Next()
/Users/lihuang/go/pkg/mod/github.com/gin-gonic/gin@v1.9.1/gin.go:576 (0x15bcfdc)
	(*Engine).ServeHTTP: engine.handleHTTPRequest(c)
/usr/local/go/src/net/http/server.go:2947 (0x13d656b)
	serverHandler.ServeHTTP: handler.ServeHTTP(rw, req)
/usr/local/go/src/net/http/server.go:1991 (0x13d1786)
	(*conn).serve: serverHandler{c.server}.ServeHTTP(w, w.req)
/usr/local/go/src/runtime/asm_amd64.s:1594 (0x1068380)
	goexit: BYTE	$0x90	// NOP
[0m


[31m2024/01/03 14:12:13 [Recovery] 2024/01/03 - 14:12:13 panic recovered:
%!s(int=1111)
/Users/lihuang/GolandProjects/comment-chuli/controller/liveStartController.go:26 (0x15c8346)
	(*LiveStartController).Start: panic(1111)
/Users/lihuang/go/pkg/mod/github.com/gin-gonic/gin@v1.9.1/context.go:174 (0x15bf6a1)
	(*Context).Next: c.handlers[c.index](c)
/Users/lihuang/go/pkg/mod/github.com/gin-gonic/gin@v1.9.1/recovery.go:102 (0x15bf68c)
	CustomRecoveryWithWriter.func1: c.Next()
/Users/lihuang/go/pkg/mod/github.com/gin-gonic/gin@v1.9.1/context.go:174 (0x15bf6a1)
	(*Context).Next: c.handlers[c.index](c)
/Users/lihuang/go/pkg/mod/github.com/gin-gonic/gin@v1.9.1/recovery.go:102 (0x15bf68c)
	CustomRecoveryWithWriter.func1: c.Next()
/Users/lihuang/go/pkg/mod/github.com/gin-gonic/gin@v1.9.1/context.go:174 (0x15bd830)
	(*Context).Next: c.handlers[c.index](c)
/Users/lihuang/go/pkg/mod/github.com/gin-gonic/gin@v1.9.1/gin.go:620 (0x15bd498)
	(*Engine).handleHTTPRequest: c.Next()
/Users/lihuang/go/pkg/mod/github.com/gin-gonic/gin@v1.9.1/gin.go:576 (0x15bcfdc)
	(*Engine).ServeHTTP: engine.handleHTTPRequest(c)
/usr/local/go/src/net/http/server.go:2947 (0x13d656b)
	serverHandler.ServeHTTP: handler.ServeHTTP(rw, req)
/usr/local/go/src/net/http/server.go:1991 (0x13d1786)
	(*conn).serve: serverHandler{c.server}.ServeHTTP(w, w.req)
/usr/local/go/src/runtime/asm_amd64.s:1594 (0x1068380)
	goexit: BYTE	$0x90	// NOP
[0m


[31m2024/01/03 14:12:14 [Recovery] 2024/01/03 - 14:12:14 panic recovered:
%!s(int=1111)
/Users/lihuang/GolandProjects/comment-chuli/controller/liveStartController.go:26 (0x15c8346)
	(*LiveStartController).Start: panic(1111)
/Users/lihuang/go/pkg/mod/github.com/gin-gonic/gin@v1.9.1/context.go:174 (0x15bf6a1)
	(*Context).Next: c.handlers[c.index](c)
/Users/lihuang/go/pkg/mod/github.com/gin-gonic/gin@v1.9.1/recovery.go:102 (0x15bf68c)
	CustomRecoveryWithWriter.func1: c.Next()
/Users/lihuang/go/pkg/mod/github.com/gin-gonic/gin@v1.9.1/context.go:174 (0x15bf6a1)
	(*Context).Next: c.handlers[c.index](c)
/Users/lihuang/go/pkg/mod/github.com/gin-gonic/gin@v1.9.1/recovery.go:102 (0x15bf68c)
	CustomRecoveryWithWriter.func1: c.Next()
/Users/lihuang/go/pkg/mod/github.com/gin-gonic/gin@v1.9.1/context.go:174 (0x15bd830)
	(*Context).Next: c.handlers[c.index](c)
/Users/lihuang/go/pkg/mod/github.com/gin-gonic/gin@v1.9.1/gin.go:620 (0x15bd498)
	(*Engine).handleHTTPRequest: c.Next()
/Users/lihuang/go/pkg/mod/github.com/gin-gonic/gin@v1.9.1/gin.go:576 (0x15bcfdc)
	(*Engine).ServeHTTP: engine.handleHTTPRequest(c)
/usr/local/go/src/net/http/server.go:2947 (0x13d656b)
	serverHandler.ServeHTTP: handler.ServeHTTP(rw, req)
/usr/local/go/src/net/http/server.go:1991 (0x13d1786)
	(*conn).serve: serverHandler{c.server}.ServeHTTP(w, w.req)
/usr/local/go/src/runtime/asm_amd64.s:1594 (0x1068380)
	goexit: BYTE	$0x90	// NOP
[0m


[31m2024/01/03 14:12:16 [Recovery] 2024/01/03 - 14:12:16 panic recovered:
%!s(int=1111)
/Users/lihuang/GolandProjects/comment-chuli/controller/liveStartController.go:26 (0x15c8346)
	(*LiveStartController).Start: panic(1111)
/Users/lihuang/go/pkg/mod/github.com/gin-gonic/gin@v1.9.1/context.go:174 (0x15bf6a1)
	(*Context).Next: c.handlers[c.index](c)
/Users/lihuang/go/pkg/mod/github.com/gin-gonic/gin@v1.9.1/recovery.go:102 (0x15bf68c)
	CustomRecoveryWithWriter.func1: c.Next()
/Users/lihuang/go/pkg/mod/github.com/gin-gonic/gin@v1.9.1/context.go:174 (0x15bf6a1)
	(*Context).Next: c.handlers[c.index](c)
/Users/lihuang/go/pkg/mod/github.com/gin-gonic/gin@v1.9.1/recovery.go:102 (0x15bf68c)
	CustomRecoveryWithWriter.func1: c.Next()
/Users/lihuang/go/pkg/mod/github.com/gin-gonic/gin@v1.9.1/context.go:174 (0x15bd830)
	(*Context).Next: c.handlers[c.index](c)
/Users/lihuang/go/pkg/mod/github.com/gin-gonic/gin@v1.9.1/gin.go:620 (0x15bd498)
	(*Engine).handleHTTPRequest: c.Next()
/Users/lihuang/go/pkg/mod/github.com/gin-gonic/gin@v1.9.1/gin.go:576 (0x15bcfdc)
	(*Engine).ServeHTTP: engine.handleHTTPRequest(c)
/usr/local/go/src/net/http/server.go:2947 (0x13d656b)
	serverHandler.ServeHTTP: handler.ServeHTTP(rw, req)
/usr/local/go/src/net/http/server.go:1991 (0x13d1786)
	(*conn).serve: serverHandler{c.server}.ServeHTTP(w, w.req)
/usr/local/go/src/runtime/asm_amd64.s:1594 (0x1068380)
	goexit: BYTE	$0x90	// NOP
[0m


[31m2024/01/03 14:12:16 [Recovery] 2024/01/03 - 14:12:16 panic recovered:
%!s(int=1111)
/Users/lihuang/GolandProjects/comment-chuli/controller/liveStartController.go:26 (0x15c8346)
	(*LiveStartController).Start: panic(1111)
/Users/lihuang/go/pkg/mod/github.com/gin-gonic/gin@v1.9.1/context.go:174 (0x15bf6a1)
	(*Context).Next: c.handlers[c.index](c)
/Users/lihuang/go/pkg/mod/github.com/gin-gonic/gin@v1.9.1/recovery.go:102 (0x15bf68c)
	CustomRecoveryWithWriter.func1: c.Next()
/Users/lihuang/go/pkg/mod/github.com/gin-gonic/gin@v1.9.1/context.go:174 (0x15bf6a1)
	(*Context).Next: c.handlers[c.index](c)
/Users/lihuang/go/pkg/mod/github.com/gin-gonic/gin@v1.9.1/recovery.go:102 (0x15bf68c)
	CustomRecoveryWithWriter.func1: c.Next()
/Users/lihuang/go/pkg/mod/github.com/gin-gonic/gin@v1.9.1/context.go:174 (0x15bd830)
	(*Context).Next: c.handlers[c.index](c)
/Users/lihuang/go/pkg/mod/github.com/gin-gonic/gin@v1.9.1/gin.go:620 (0x15bd498)
	(*Engine).handleHTTPRequest: c.Next()
/Users/lihuang/go/pkg/mod/github.com/gin-gonic/gin@v1.9.1/gin.go:576 (0x15bcfdc)
	(*Engine).ServeHTTP: engine.handleHTTPRequest(c)
/usr/local/go/src/net/http/server.go:2947 (0x13d656b)
	serverHandler.ServeHTTP: handler.ServeHTTP(rw, req)
/usr/local/go/src/net/http/server.go:1991 (0x13d1786)
	(*conn).serve: serverHandler{c.server}.ServeHTTP(w, w.req)
/usr/local/go/src/runtime/asm_amd64.s:1594 (0x1068380)
	goexit: BYTE	$0x90	// NOP
[0m


[31m2024/01/03 14:12:17 [Recovery] 2024/01/03 - 14:12:17 panic recovered:
%!s(int=1111)
/Users/lihuang/GolandProjects/comment-chuli/controller/liveStartController.go:26 (0x15c8346)
	(*LiveStartController).Start: panic(1111)
/Users/lihuang/go/pkg/mod/github.com/gin-gonic/gin@v1.9.1/context.go:174 (0x15bf6a1)
	(*Context).Next: c.handlers[c.index](c)
/Users/lihuang/go/pkg/mod/github.com/gin-gonic/gin@v1.9.1/recovery.go:102 (0x15bf68c)
	CustomRecoveryWithWriter.func1: c.Next()
/Users/lihuang/go/pkg/mod/github.com/gin-gonic/gin@v1.9.1/context.go:174 (0x15bf6a1)
	(*Context).Next: c.handlers[c.index](c)
/Users/lihuang/go/pkg/mod/github.com/gin-gonic/gin@v1.9.1/recovery.go:102 (0x15bf68c)
	CustomRecoveryWithWriter.func1: c.Next()
/Users/lihuang/go/pkg/mod/github.com/gin-gonic/gin@v1.9.1/context.go:174 (0x15bd830)
	(*Context).Next: c.handlers[c.index](c)
/Users/lihuang/go/pkg/mod/github.com/gin-gonic/gin@v1.9.1/gin.go:620 (0x15bd498)
	(*Engine).handleHTTPRequest: c.Next()
/Users/lihuang/go/pkg/mod/github.com/gin-gonic/gin@v1.9.1/gin.go:576 (0x15bcfdc)
	(*Engine).ServeHTTP: engine.handleHTTPRequest(c)
/usr/local/go/src/net/http/server.go:2947 (0x13d656b)
	serverHandler.ServeHTTP: handler.ServeHTTP(rw, req)
/usr/local/go/src/net/http/server.go:1991 (0x13d1786)
	(*conn).serve: serverHandler{c.server}.ServeHTTP(w, w.req)
/usr/local/go/src/runtime/asm_amd64.s:1594 (0x1068380)
	goexit: BYTE	$0x90	// NOP
[0m


[31m2024/01/03 14:12:18 [Recovery] 2024/01/03 - 14:12:18 panic recovered:
%!s(int=1111)
/Users/lihuang/GolandProjects/comment-chuli/controller/liveStartController.go:26 (0x15c8346)
	(*LiveStartController).Start: panic(1111)
/Users/lihuang/go/pkg/mod/github.com/gin-gonic/gin@v1.9.1/context.go:174 (0x15bf6a1)
	(*Context).Next: c.handlers[c.index](c)
/Users/lihuang/go/pkg/mod/github.com/gin-gonic/gin@v1.9.1/recovery.go:102 (0x15bf68c)
	CustomRecoveryWithWriter.func1: c.Next()
/Users/lihuang/go/pkg/mod/github.com/gin-gonic/gin@v1.9.1/context.go:174 (0x15bf6a1)
	(*Context).Next: c.handlers[c.index](c)
/Users/lihuang/go/pkg/mod/github.com/gin-gonic/gin@v1.9.1/recovery.go:102 (0x15bf68c)
	CustomRecoveryWithWriter.func1: c.Next()
/Users/lihuang/go/pkg/mod/github.com/gin-gonic/gin@v1.9.1/context.go:174 (0x15bd830)
	(*Context).Next: c.handlers[c.index](c)
/Users/lihuang/go/pkg/mod/github.com/gin-gonic/gin@v1.9.1/gin.go:620 (0x15bd498)
	(*Engine).handleHTTPRequest: c.Next()
/Users/lihuang/go/pkg/mod/github.com/gin-gonic/gin@v1.9.1/gin.go:576 (0x15bcfdc)
	(*Engine).ServeHTTP: engine.handleHTTPRequest(c)
/usr/local/go/src/net/http/server.go:2947 (0x13d656b)
	serverHandler.ServeHTTP: handler.ServeHTTP(rw, req)
/usr/local/go/src/net/http/server.go:1991 (0x13d1786)
	(*conn).serve: serverHandler{c.server}.ServeHTTP(w, w.req)
/usr/local/go/src/runtime/asm_amd64.s:1594 (0x1068380)
	goexit: BYTE	$0x90	// NOP
[0m


[31m2024/01/03 14:12:19 [Recovery] 2024/01/03 - 14:12:19 panic recovered:
%!s(int=1111)
/Users/lihuang/GolandProjects/comment-chuli/controller/liveStartController.go:26 (0x15c8346)
	(*LiveStartController).Start: panic(1111)
/Users/lihuang/go/pkg/mod/github.com/gin-gonic/gin@v1.9.1/context.go:174 (0x15bf6a1)
	(*Context).Next: c.handlers[c.index](c)
/Users/lihuang/go/pkg/mod/github.com/gin-gonic/gin@v1.9.1/recovery.go:102 (0x15bf68c)
	CustomRecoveryWithWriter.func1: c.Next()
/Users/lihuang/go/pkg/mod/github.com/gin-gonic/gin@v1.9.1/context.go:174 (0x15bf6a1)
	(*Context).Next: c.handlers[c.index](c)
/Users/lihuang/go/pkg/mod/github.com/gin-gonic/gin@v1.9.1/recovery.go:102 (0x15bf68c)
	CustomRecoveryWithWriter.func1: c.Next()
/Users/lihuang/go/pkg/mod/github.com/gin-gonic/gin@v1.9.1/context.go:174 (0x15bd830)
	(*Context).Next: c.handlers[c.index](c)
/Users/lihuang/go/pkg/mod/github.com/gin-gonic/gin@v1.9.1/gin.go:620 (0x15bd498)
	(*Engine).handleHTTPRequest: c.Next()
/Users/lihuang/go/pkg/mod/github.com/gin-gonic/gin@v1.9.1/gin.go:576 (0x15bcfdc)
	(*Engine).ServeHTTP: engine.handleHTTPRequest(c)
/usr/local/go/src/net/http/server.go:2947 (0x13d656b)
	serverHandler.ServeHTTP: handler.ServeHTTP(rw, req)
/usr/local/go/src/net/http/server.go:1991 (0x13d1786)
	(*conn).serve: serverHandler{c.server}.ServeHTTP(w, w.req)
/usr/local/go/src/runtime/asm_amd64.s:1594 (0x1068380)
	goexit: BYTE	$0x90	// NOP
[0m


[31m2024/01/03 14:12:20 [Recovery] 2024/01/03 - 14:12:20 panic recovered:
%!s(int=1111)
/Users/lihuang/GolandProjects/comment-chuli/controller/liveStartController.go:26 (0x15c8346)
	(*LiveStartController).Start: panic(1111)
/Users/lihuang/go/pkg/mod/github.com/gin-gonic/gin@v1.9.1/context.go:174 (0x15bf6a1)
	(*Context).Next: c.handlers[c.index](c)
/Users/lihuang/go/pkg/mod/github.com/gin-gonic/gin@v1.9.1/recovery.go:102 (0x15bf68c)
	CustomRecoveryWithWriter.func1: c.Next()
/Users/lihuang/go/pkg/mod/github.com/gin-gonic/gin@v1.9.1/context.go:174 (0x15bf6a1)
	(*Context).Next: c.handlers[c.index](c)
/Users/lihuang/go/pkg/mod/github.com/gin-gonic/gin@v1.9.1/recovery.go:102 (0x15bf68c)
	CustomRecoveryWithWriter.func1: c.Next()
/Users/lihuang/go/pkg/mod/github.com/gin-gonic/gin@v1.9.1/context.go:174 (0x15bd830)
	(*Context).Next: c.handlers[c.index](c)
/Users/lihuang/go/pkg/mod/github.com/gin-gonic/gin@v1.9.1/gin.go:620 (0x15bd498)
	(*Engine).handleHTTPRequest: c.Next()
/Users/lihuang/go/pkg/mod/github.com/gin-gonic/gin@v1.9.1/gin.go:576 (0x15bcfdc)
	(*Engine).ServeHTTP: engine.handleHTTPRequest(c)
/usr/local/go/src/net/http/server.go:2947 (0x13d656b)
	serverHandler.ServeHTTP: handler.ServeHTTP(rw, req)
/usr/local/go/src/net/http/server.go:1991 (0x13d1786)
	(*conn).serve: serverHandler{c.server}.ServeHTTP(w, w.req)
/usr/local/go/src/runtime/asm_amd64.s:1594 (0x1068380)
	goexit: BYTE	$0x90	// NOP
[0m


[31m2024/01/03 14:12:20 [Recovery] 2024/01/03 - 14:12:20 panic recovered:
%!s(int=1111)
/Users/lihuang/GolandProjects/comment-chuli/controller/liveStartController.go:26 (0x15c8346)
	(*LiveStartController).Start: panic(1111)
/Users/lihuang/go/pkg/mod/github.com/gin-gonic/gin@v1.9.1/context.go:174 (0x15bf6a1)
	(*Context).Next: c.handlers[c.index](c)
/Users/lihuang/go/pkg/mod/github.com/gin-gonic/gin@v1.9.1/recovery.go:102 (0x15bf68c)
	CustomRecoveryWithWriter.func1: c.Next()
/Users/lihuang/go/pkg/mod/github.com/gin-gonic/gin@v1.9.1/context.go:174 (0x15bf6a1)
	(*Context).Next: c.handlers[c.index](c)
/Users/lihuang/go/pkg/mod/github.com/gin-gonic/gin@v1.9.1/recovery.go:102 (0x15bf68c)
	CustomRecoveryWithWriter.func1: c.Next()
/Users/lihuang/go/pkg/mod/github.com/gin-gonic/gin@v1.9.1/context.go:174 (0x15bd830)
	(*Context).Next: c.handlers[c.index](c)
/Users/lihuang/go/pkg/mod/github.com/gin-gonic/gin@v1.9.1/gin.go:620 (0x15bd498)
	(*Engine).handleHTTPRequest: c.Next()
/Users/lihuang/go/pkg/mod/github.com/gin-gonic/gin@v1.9.1/gin.go:576 (0x15bcfdc)
	(*Engine).ServeHTTP: engine.handleHTTPRequest(c)
/usr/local/go/src/net/http/server.go:2947 (0x13d656b)
	serverHandler.ServeHTTP: handler.ServeHTTP(rw, req)
/usr/local/go/src/net/http/server.go:1991 (0x13d1786)
	(*conn).serve: serverHandler{c.server}.ServeHTTP(w, w.req)
/usr/local/go/src/runtime/asm_amd64.s:1594 (0x1068380)
	goexit: BYTE	$0x90	// NOP
[0m


[31m2024/01/03 14:12:21 [Recovery] 2024/01/03 - 14:12:21 panic recovered:
%!s(int=1111)
/Users/lihuang/GolandProjects/comment-chuli/controller/liveStartController.go:26 (0x15c8346)
	(*LiveStartController).Start: panic(1111)
/Users/lihuang/go/pkg/mod/github.com/gin-gonic/gin@v1.9.1/context.go:174 (0x15bf6a1)
	(*Context).Next: c.handlers[c.index](c)
/Users/lihuang/go/pkg/mod/github.com/gin-gonic/gin@v1.9.1/recovery.go:102 (0x15bf68c)
	CustomRecoveryWithWriter.func1: c.Next()
/Users/lihuang/go/pkg/mod/github.com/gin-gonic/gin@v1.9.1/context.go:174 (0x15bf6a1)
	(*Context).Next: c.handlers[c.index](c)
/Users/lihuang/go/pkg/mod/github.com/gin-gonic/gin@v1.9.1/recovery.go:102 (0x15bf68c)
	CustomRecoveryWithWriter.func1: c.Next()
/Users/lihuang/go/pkg/mod/github.com/gin-gonic/gin@v1.9.1/context.go:174 (0x15bd830)
	(*Context).Next: c.handlers[c.index](c)
/Users/lihuang/go/pkg/mod/github.com/gin-gonic/gin@v1.9.1/gin.go:620 (0x15bd498)
	(*Engine).handleHTTPRequest: c.Next()
/Users/lihuang/go/pkg/mod/github.com/gin-gonic/gin@v1.9.1/gin.go:576 (0x15bcfdc)
	(*Engine).ServeHTTP: engine.handleHTTPRequest(c)
/usr/local/go/src/net/http/server.go:2947 (0x13d656b)
	serverHandler.ServeHTTP: handler.ServeHTTP(rw, req)
/usr/local/go/src/net/http/server.go:1991 (0x13d1786)
	(*conn).serve: serverHandler{c.server}.ServeHTTP(w, w.req)
/usr/local/go/src/runtime/asm_amd64.s:1594 (0x1068380)
	goexit: BYTE	$0x90	// NOP
[0m


[31m2024/01/03 14:12:22 [Recovery] 2024/01/03 - 14:12:22 panic recovered:
%!s(int=1111)
/Users/lihuang/GolandProjects/comment-chuli/controller/liveStartController.go:26 (0x15c8346)
	(*LiveStartController).Start: panic(1111)
/Users/lihuang/go/pkg/mod/github.com/gin-gonic/gin@v1.9.1/context.go:174 (0x15bf6a1)
	(*Context).Next: c.handlers[c.index](c)
/Users/lihuang/go/pkg/mod/github.com/gin-gonic/gin@v1.9.1/recovery.go:102 (0x15bf68c)
	CustomRecoveryWithWriter.func1: c.Next()
/Users/lihuang/go/pkg/mod/github.com/gin-gonic/gin@v1.9.1/context.go:174 (0x15bf6a1)
	(*Context).Next: c.handlers[c.index](c)
/Users/lihuang/go/pkg/mod/github.com/gin-gonic/gin@v1.9.1/recovery.go:102 (0x15bf68c)
	CustomRecoveryWithWriter.func1: c.Next()
/Users/lihuang/go/pkg/mod/github.com/gin-gonic/gin@v1.9.1/context.go:174 (0x15bd830)
	(*Context).Next: c.handlers[c.index](c)
/Users/lihuang/go/pkg/mod/github.com/gin-gonic/gin@v1.9.1/gin.go:620 (0x15bd498)
	(*Engine).handleHTTPRequest: c.Next()
/Users/lihuang/go/pkg/mod/github.com/gin-gonic/gin@v1.9.1/gin.go:576 (0x15bcfdc)
	(*Engine).ServeHTTP: engine.handleHTTPRequest(c)
/usr/local/go/src/net/http/server.go:2947 (0x13d656b)
	serverHandler.ServeHTTP: handler.ServeHTTP(rw, req)
/usr/local/go/src/net/http/server.go:1991 (0x13d1786)
	(*conn).serve: serverHandler{c.server}.ServeHTTP(w, w.req)
/usr/local/go/src/runtime/asm_amd64.s:1594 (0x1068380)
	goexit: BYTE	$0x90	// NOP
[0m


[31m2024/01/03 14:12:23 [Recovery] 2024/01/03 - 14:12:23 panic recovered:
%!s(int=1111)
/Users/lihuang/GolandProjects/comment-chuli/controller/liveStartController.go:26 (0x15c8346)
	(*LiveStartController).Start: panic(1111)
/Users/lihuang/go/pkg/mod/github.com/gin-gonic/gin@v1.9.1/context.go:174 (0x15bf6a1)
	(*Context).Next: c.handlers[c.index](c)
/Users/lihuang/go/pkg/mod/github.com/gin-gonic/gin@v1.9.1/recovery.go:102 (0x15bf68c)
	CustomRecoveryWithWriter.func1: c.Next()
/Users/lihuang/go/pkg/mod/github.com/gin-gonic/gin@v1.9.1/context.go:174 (0x15bf6a1)
	(*Context).Next: c.handlers[c.index](c)
/Users/lihuang/go/pkg/mod/github.com/gin-gonic/gin@v1.9.1/recovery.go:102 (0x15bf68c)
	CustomRecoveryWithWriter.func1: c.Next()
/Users/lihuang/go/pkg/mod/github.com/gin-gonic/gin@v1.9.1/context.go:174 (0x15bd830)
	(*Context).Next: c.handlers[c.index](c)
/Users/lihuang/go/pkg/mod/github.com/gin-gonic/gin@v1.9.1/gin.go:620 (0x15bd498)
	(*Engine).handleHTTPRequest: c.Next()
/Users/lihuang/go/pkg/mod/github.com/gin-gonic/gin@v1.9.1/gin.go:576 (0x15bcfdc)
	(*Engine).ServeHTTP: engine.handleHTTPRequest(c)
/usr/local/go/src/net/http/server.go:2947 (0x13d656b)
	serverHandler.ServeHTTP: handler.ServeHTTP(rw, req)
/usr/local/go/src/net/http/server.go:1991 (0x13d1786)
	(*conn).serve: serverHandler{c.server}.ServeHTTP(w, w.req)
/usr/local/go/src/runtime/asm_amd64.s:1594 (0x1068380)
	goexit: BYTE	$0x90	// NOP
[0m


[31m2024/01/03 14:12:24 [Recovery] 2024/01/03 - 14:12:24 panic recovered:
%!s(int=1111)
/Users/lihuang/GolandProjects/comment-chuli/controller/liveStartController.go:26 (0x15c8346)
	(*LiveStartController).Start: panic(1111)
/Users/lihuang/go/pkg/mod/github.com/gin-gonic/gin@v1.9.1/context.go:174 (0x15bf6a1)
	(*Context).Next: c.handlers[c.index](c)
/Users/lihuang/go/pkg/mod/github.com/gin-gonic/gin@v1.9.1/recovery.go:102 (0x15bf68c)
	CustomRecoveryWithWriter.func1: c.Next()
/Users/lihuang/go/pkg/mod/github.com/gin-gonic/gin@v1.9.1/context.go:174 (0x15bf6a1)
	(*Context).Next: c.handlers[c.index](c)
/Users/lihuang/go/pkg/mod/github.com/gin-gonic/gin@v1.9.1/recovery.go:102 (0x15bf68c)
	CustomRecoveryWithWriter.func1: c.Next()
/Users/lihuang/go/pkg/mod/github.com/gin-gonic/gin@v1.9.1/context.go:174 (0x15bd830)
	(*Context).Next: c.handlers[c.index](c)
/Users/lihuang/go/pkg/mod/github.com/gin-gonic/gin@v1.9.1/gin.go:620 (0x15bd498)
	(*Engine).handleHTTPRequest: c.Next()
/Users/lihuang/go/pkg/mod/github.com/gin-gonic/gin@v1.9.1/gin.go:576 (0x15bcfdc)
	(*Engine).ServeHTTP: engine.handleHTTPRequest(c)
/usr/local/go/src/net/http/server.go:2947 (0x13d656b)
	serverHandler.ServeHTTP: handler.ServeHTTP(rw, req)
/usr/local/go/src/net/http/server.go:1991 (0x13d1786)
	(*conn).serve: serverHandler{c.server}.ServeHTTP(w, w.req)
/usr/local/go/src/runtime/asm_amd64.s:1594 (0x1068380)
	goexit: BYTE	$0x90	// NOP
[0m


[31m2024/01/03 14:12:25 [Recovery] 2024/01/03 - 14:12:25 panic recovered:
%!s(int=1111)
/Users/lihuang/GolandProjects/comment-chuli/controller/liveStartController.go:26 (0x15c8346)
	(*LiveStartController).Start: panic(1111)
/Users/lihuang/go/pkg/mod/github.com/gin-gonic/gin@v1.9.1/context.go:174 (0x15bf6a1)
	(*Context).Next: c.handlers[c.index](c)
/Users/lihuang/go/pkg/mod/github.com/gin-gonic/gin@v1.9.1/recovery.go:102 (0x15bf68c)
	CustomRecoveryWithWriter.func1: c.Next()
/Users/lihuang/go/pkg/mod/github.com/gin-gonic/gin@v1.9.1/context.go:174 (0x15bf6a1)
	(*Context).Next: c.handlers[c.index](c)
/Users/lihuang/go/pkg/mod/github.com/gin-gonic/gin@v1.9.1/recovery.go:102 (0x15bf68c)
	CustomRecoveryWithWriter.func1: c.Next()
/Users/lihuang/go/pkg/mod/github.com/gin-gonic/gin@v1.9.1/context.go:174 (0x15bd830)
	(*Context).Next: c.handlers[c.index](c)
/Users/lihuang/go/pkg/mod/github.com/gin-gonic/gin@v1.9.1/gin.go:620 (0x15bd498)
	(*Engine).handleHTTPRequest: c.Next()
/Users/lihuang/go/pkg/mod/github.com/gin-gonic/gin@v1.9.1/gin.go:576 (0x15bcfdc)
	(*Engine).ServeHTTP: engine.handleHTTPRequest(c)
/usr/local/go/src/net/http/server.go:2947 (0x13d656b)
	serverHandler.ServeHTTP: handler.ServeHTTP(rw, req)
/usr/local/go/src/net/http/server.go:1991 (0x13d1786)
	(*conn).serve: serverHandler{c.server}.ServeHTTP(w, w.req)
/usr/local/go/src/runtime/asm_amd64.s:1594 (0x1068380)
	goexit: BYTE	$0x90	// NOP
[0m


[31m2024/01/03 14:12:26 [Recovery] 2024/01/03 - 14:12:26 panic recovered:
%!s(int=1111)
/Users/lihuang/GolandProjects/comment-chuli/controller/liveStartController.go:26 (0x15c8346)
	(*LiveStartController).Start: panic(1111)
/Users/lihuang/go/pkg/mod/github.com/gin-gonic/gin@v1.9.1/context.go:174 (0x15bf6a1)
	(*Context).Next: c.handlers[c.index](c)
/Users/lihuang/go/pkg/mod/github.com/gin-gonic/gin@v1.9.1/recovery.go:102 (0x15bf68c)
	CustomRecoveryWithWriter.func1: c.Next()
/Users/lihuang/go/pkg/mod/github.com/gin-gonic/gin@v1.9.1/context.go:174 (0x15bf6a1)
	(*Context).Next: c.handlers[c.index](c)
/Users/lihuang/go/pkg/mod/github.com/gin-gonic/gin@v1.9.1/recovery.go:102 (0x15bf68c)
	CustomRecoveryWithWriter.func1: c.Next()
/Users/lihuang/go/pkg/mod/github.com/gin-gonic/gin@v1.9.1/context.go:174 (0x15bd830)
	(*Context).Next: c.handlers[c.index](c)
/Users/lihuang/go/pkg/mod/github.com/gin-gonic/gin@v1.9.1/gin.go:620 (0x15bd498)
	(*Engine).handleHTTPRequest: c.Next()
/Users/lihuang/go/pkg/mod/github.com/gin-gonic/gin@v1.9.1/gin.go:576 (0x15bcfdc)
	(*Engine).ServeHTTP: engine.handleHTTPRequest(c)
/usr/local/go/src/net/http/server.go:2947 (0x13d656b)
	serverHandler.ServeHTTP: handler.ServeHTTP(rw, req)
/usr/local/go/src/net/http/server.go:1991 (0x13d1786)
	(*conn).serve: serverHandler{c.server}.ServeHTTP(w, w.req)
/usr/local/go/src/runtime/asm_amd64.s:1594 (0x1068380)
	goexit: BYTE	$0x90	// NOP
[0m


[31m2024/01/03 14:12:27 [Recovery] 2024/01/03 - 14:12:27 panic recovered:
%!s(int=1111)
/Users/lihuang/GolandProjects/comment-chuli/controller/liveStartController.go:26 (0x15c8346)
	(*LiveStartController).Start: panic(1111)
/Users/lihuang/go/pkg/mod/github.com/gin-gonic/gin@v1.9.1/context.go:174 (0x15bf6a1)
	(*Context).Next: c.handlers[c.index](c)
/Users/lihuang/go/pkg/mod/github.com/gin-gonic/gin@v1.9.1/recovery.go:102 (0x15bf68c)
	CustomRecoveryWithWriter.func1: c.Next()
/Users/lihuang/go/pkg/mod/github.com/gin-gonic/gin@v1.9.1/context.go:174 (0x15bf6a1)
	(*Context).Next: c.handlers[c.index](c)
/Users/lihuang/go/pkg/mod/github.com/gin-gonic/gin@v1.9.1/recovery.go:102 (0x15bf68c)
	CustomRecoveryWithWriter.func1: c.Next()
/Users/lihuang/go/pkg/mod/github.com/gin-gonic/gin@v1.9.1/context.go:174 (0x15bd830)
	(*Context).Next: c.handlers[c.index](c)
/Users/lihuang/go/pkg/mod/github.com/gin-gonic/gin@v1.9.1/gin.go:620 (0x15bd498)
	(*Engine).handleHTTPRequest: c.Next()
/Users/lihuang/go/pkg/mod/github.com/gin-gonic/gin@v1.9.1/gin.go:576 (0x15bcfdc)
	(*Engine).ServeHTTP: engine.handleHTTPRequest(c)
/usr/local/go/src/net/http/server.go:2947 (0x13d656b)
	serverHandler.ServeHTTP: handler.ServeHTTP(rw, req)
/usr/local/go/src/net/http/server.go:1991 (0x13d1786)
	(*conn).serve: serverHandler{c.server}.ServeHTTP(w, w.req)
/usr/local/go/src/runtime/asm_amd64.s:1594 (0x1068380)
	goexit: BYTE	$0x90	// NOP
[0m


[31m2024/01/03 14:12:28 [Recovery] 2024/01/03 - 14:12:28 panic recovered:
%!s(int=1111)
/Users/lihuang/GolandProjects/comment-chuli/controller/liveStartController.go:26 (0x15c8346)
	(*LiveStartController).Start: panic(1111)
/Users/lihuang/go/pkg/mod/github.com/gin-gonic/gin@v1.9.1/context.go:174 (0x15bf6a1)
	(*Context).Next: c.handlers[c.index](c)
/Users/lihuang/go/pkg/mod/github.com/gin-gonic/gin@v1.9.1/recovery.go:102 (0x15bf68c)
	CustomRecoveryWithWriter.func1: c.Next()
/Users/lihuang/go/pkg/mod/github.com/gin-gonic/gin@v1.9.1/context.go:174 (0x15bf6a1)
	(*Context).Next: c.handlers[c.index](c)
/Users/lihuang/go/pkg/mod/github.com/gin-gonic/gin@v1.9.1/recovery.go:102 (0x15bf68c)
	CustomRecoveryWithWriter.func1: c.Next()
/Users/lihuang/go/pkg/mod/github.com/gin-gonic/gin@v1.9.1/context.go:174 (0x15bd830)
	(*Context).Next: c.handlers[c.index](c)
/Users/lihuang/go/pkg/mod/github.com/gin-gonic/gin@v1.9.1/gin.go:620 (0x15bd498)
	(*Engine).handleHTTPRequest: c.Next()
/Users/lihuang/go/pkg/mod/github.com/gin-gonic/gin@v1.9.1/gin.go:576 (0x15bcfdc)
	(*Engine).ServeHTTP: engine.handleHTTPRequest(c)
/usr/local/go/src/net/http/server.go:2947 (0x13d656b)
	serverHandler.ServeHTTP: handler.ServeHTTP(rw, req)
/usr/local/go/src/net/http/server.go:1991 (0x13d1786)
	(*conn).serve: serverHandler{c.server}.ServeHTTP(w, w.req)
/usr/local/go/src/runtime/asm_amd64.s:1594 (0x1068380)
	goexit: BYTE	$0x90	// NOP
[0m


[31m2024/01/03 14:12:29 [Recovery] 2024/01/03 - 14:12:29 panic recovered:
%!s(int=1111)
/Users/lihuang/GolandProjects/comment-chuli/controller/liveStartController.go:26 (0x15c8346)
	(*LiveStartController).Start: panic(1111)
/Users/lihuang/go/pkg/mod/github.com/gin-gonic/gin@v1.9.1/context.go:174 (0x15bf6a1)
	(*Context).Next: c.handlers[c.index](c)
/Users/lihuang/go/pkg/mod/github.com/gin-gonic/gin@v1.9.1/recovery.go:102 (0x15bf68c)
	CustomRecoveryWithWriter.func1: c.Next()
/Users/lihuang/go/pkg/mod/github.com/gin-gonic/gin@v1.9.1/context.go:174 (0x15bf6a1)
	(*Context).Next: c.handlers[c.index](c)
/Users/lihuang/go/pkg/mod/github.com/gin-gonic/gin@v1.9.1/recovery.go:102 (0x15bf68c)
	CustomRecoveryWithWriter.func1: c.Next()
/Users/lihuang/go/pkg/mod/github.com/gin-gonic/gin@v1.9.1/context.go:174 (0x15bd830)
	(*Context).Next: c.handlers[c.index](c)
/Users/lihuang/go/pkg/mod/github.com/gin-gonic/gin@v1.9.1/gin.go:620 (0x15bd498)
	(*Engine).handleHTTPRequest: c.Next()
/Users/lihuang/go/pkg/mod/github.com/gin-gonic/gin@v1.9.1/gin.go:576 (0x15bcfdc)
	(*Engine).ServeHTTP: engine.handleHTTPRequest(c)
/usr/local/go/src/net/http/server.go:2947 (0x13d656b)
	serverHandler.ServeHTTP: handler.ServeHTTP(rw, req)
/usr/local/go/src/net/http/server.go:1991 (0x13d1786)
	(*conn).serve: serverHandler{c.server}.ServeHTTP(w, w.req)
/usr/local/go/src/runtime/asm_amd64.s:1594 (0x1068380)
	goexit: BYTE	$0x90	// NOP
[0m


[31m2024/01/03 14:12:30 [Recovery] 2024/01/03 - 14:12:30 panic recovered:
%!s(int=1111)
/Users/lihuang/GolandProjects/comment-chuli/controller/liveStartController.go:26 (0x15c8346)
	(*LiveStartController).Start: panic(1111)
/Users/lihuang/go/pkg/mod/github.com/gin-gonic/gin@v1.9.1/context.go:174 (0x15bf6a1)
	(*Context).Next: c.handlers[c.index](c)
/Users/lihuang/go/pkg/mod/github.com/gin-gonic/gin@v1.9.1/recovery.go:102 (0x15bf68c)
	CustomRecoveryWithWriter.func1: c.Next()
/Users/lihuang/go/pkg/mod/github.com/gin-gonic/gin@v1.9.1/context.go:174 (0x15bf6a1)
	(*Context).Next: c.handlers[c.index](c)
/Users/lihuang/go/pkg/mod/github.com/gin-gonic/gin@v1.9.1/recovery.go:102 (0x15bf68c)
	CustomRecoveryWithWriter.func1: c.Next()
/Users/lihuang/go/pkg/mod/github.com/gin-gonic/gin@v1.9.1/context.go:174 (0x15bd830)
	(*Context).Next: c.handlers[c.index](c)
/Users/lihuang/go/pkg/mod/github.com/gin-gonic/gin@v1.9.1/gin.go:620 (0x15bd498)
	(*Engine).handleHTTPRequest: c.Next()
/Users/lihuang/go/pkg/mod/github.com/gin-gonic/gin@v1.9.1/gin.go:576 (0x15bcfdc)
	(*Engine).ServeHTTP: engine.handleHTTPRequest(c)
/usr/local/go/src/net/http/server.go:2947 (0x13d656b)
	serverHandler.ServeHTTP: handler.ServeHTTP(rw, req)
/usr/local/go/src/net/http/server.go:1991 (0x13d1786)
	(*conn).serve: serverHandler{c.server}.ServeHTTP(w, w.req)
/usr/local/go/src/runtime/asm_amd64.s:1594 (0x1068380)
	goexit: BYTE	$0x90	// NOP
[0m


[31m2024/01/03 14:12:31 [Recovery] 2024/01/03 - 14:12:31 panic recovered:
%!s(int=1111)
/Users/lihuang/GolandProjects/comment-chuli/controller/liveStartController.go:26 (0x15c8346)
	(*LiveStartController).Start: panic(1111)
/Users/lihuang/go/pkg/mod/github.com/gin-gonic/gin@v1.9.1/context.go:174 (0x15bf6a1)
	(*Context).Next: c.handlers[c.index](c)
/Users/lihuang/go/pkg/mod/github.com/gin-gonic/gin@v1.9.1/recovery.go:102 (0x15bf68c)
	CustomRecoveryWithWriter.func1: c.Next()
/Users/lihuang/go/pkg/mod/github.com/gin-gonic/gin@v1.9.1/context.go:174 (0x15bf6a1)
	(*Context).Next: c.handlers[c.index](c)
/Users/lihuang/go/pkg/mod/github.com/gin-gonic/gin@v1.9.1/recovery.go:102 (0x15bf68c)
	CustomRecoveryWithWriter.func1: c.Next()
/Users/lihuang/go/pkg/mod/github.com/gin-gonic/gin@v1.9.1/context.go:174 (0x15bd830)
	(*Context).Next: c.handlers[c.index](c)
/Users/lihuang/go/pkg/mod/github.com/gin-gonic/gin@v1.9.1/gin.go:620 (0x15bd498)
	(*Engine).handleHTTPRequest: c.Next()
/Users/lihuang/go/pkg/mod/github.com/gin-gonic/gin@v1.9.1/gin.go:576 (0x15bcfdc)
	(*Engine).ServeHTTP: engine.handleHTTPRequest(c)
/usr/local/go/src/net/http/server.go:2947 (0x13d656b)
	serverHandler.ServeHTTP: handler.ServeHTTP(rw, req)
/usr/local/go/src/net/http/server.go:1991 (0x13d1786)
	(*conn).serve: serverHandler{c.server}.ServeHTTP(w, w.req)
/usr/local/go/src/runtime/asm_amd64.s:1594 (0x1068380)
	goexit: BYTE	$0x90	// NOP
[0m


[31m2024/01/03 14:12:32 [Recovery] 2024/01/03 - 14:12:32 panic recovered:
%!s(int=1111)
/Users/lihuang/GolandProjects/comment-chuli/controller/liveStartController.go:26 (0x15c8346)
	(*LiveStartController).Start: panic(1111)
/Users/lihuang/go/pkg/mod/github.com/gin-gonic/gin@v1.9.1/context.go:174 (0x15bf6a1)
	(*Context).Next: c.handlers[c.index](c)
/Users/lihuang/go/pkg/mod/github.com/gin-gonic/gin@v1.9.1/recovery.go:102 (0x15bf68c)
	CustomRecoveryWithWriter.func1: c.Next()
/Users/lihuang/go/pkg/mod/github.com/gin-gonic/gin@v1.9.1/context.go:174 (0x15bf6a1)
	(*Context).Next: c.handlers[c.index](c)
/Users/lihuang/go/pkg/mod/github.com/gin-gonic/gin@v1.9.1/recovery.go:102 (0x15bf68c)
	CustomRecoveryWithWriter.func1: c.Next()
/Users/lihuang/go/pkg/mod/github.com/gin-gonic/gin@v1.9.1/context.go:174 (0x15bd830)
	(*Context).Next: c.handlers[c.index](c)
/Users/lihuang/go/pkg/mod/github.com/gin-gonic/gin@v1.9.1/gin.go:620 (0x15bd498)
	(*Engine).handleHTTPRequest: c.Next()
/Users/lihuang/go/pkg/mod/github.com/gin-gonic/gin@v1.9.1/gin.go:576 (0x15bcfdc)
	(*Engine).ServeHTTP: engine.handleHTTPRequest(c)
/usr/local/go/src/net/http/server.go:2947 (0x13d656b)
	serverHandler.ServeHTTP: handler.ServeHTTP(rw, req)
/usr/local/go/src/net/http/server.go:1991 (0x13d1786)
	(*conn).serve: serverHandler{c.server}.ServeHTTP(w, w.req)
/usr/local/go/src/runtime/asm_amd64.s:1594 (0x1068380)
	goexit: BYTE	$0x90	// NOP
[0m


[31m2024/01/03 14:12:33 [Recovery] 2024/01/03 - 14:12:33 panic recovered:
%!s(int=1111)
/Users/lihuang/GolandProjects/comment-chuli/controller/liveStartController.go:26 (0x15c8346)
	(*LiveStartController).Start: sign := c.Query("sign")
/Users/lihuang/go/pkg/mod/github.com/gin-gonic/gin@v1.9.1/context.go:174 (0x15bf6a1)
	(*Context).Next: c.handlers[c.index](c)
/Users/lihuang/go/pkg/mod/github.com/gin-gonic/gin@v1.9.1/recovery.go:102 (0x15bf68c)
	CustomRecoveryWithWriter.func1: c.Next()
/Users/lihuang/go/pkg/mod/github.com/gin-gonic/gin@v1.9.1/context.go:174 (0x15bf6a1)
	(*Context).Next: c.handlers[c.index](c)
/Users/lihuang/go/pkg/mod/github.com/gin-gonic/gin@v1.9.1/recovery.go:102 (0x15bf68c)
	CustomRecoveryWithWriter.func1: c.Next()
/Users/lihuang/go/pkg/mod/github.com/gin-gonic/gin@v1.9.1/context.go:174 (0x15bd830)
	(*Context).Next: c.handlers[c.index](c)
/Users/lihuang/go/pkg/mod/github.com/gin-gonic/gin@v1.9.1/gin.go:620 (0x15bd498)
	(*Engine).handleHTTPRequest: c.Next()
/Users/lihuang/go/pkg/mod/github.com/gin-gonic/gin@v1.9.1/gin.go:576 (0x15bcfdc)
	(*Engine).ServeHTTP: engine.handleHTTPRequest(c)
/usr/local/go/src/net/http/server.go:2947 (0x13d656b)
	serverHandler.ServeHTTP: handler.ServeHTTP(rw, req)
/usr/local/go/src/net/http/server.go:1991 (0x13d1786)
	(*conn).serve: serverHandler{c.server}.ServeHTTP(w, w.req)
/usr/local/go/src/runtime/asm_amd64.s:1594 (0x1068380)
	goexit: BYTE	$0x90	// NOP
[0m


[31m2024/01/03 14:12:34 [Recovery] 2024/01/03 - 14:12:34 panic recovered:
%!s(int=1111)
/Users/lihuang/GolandProjects/comment-chuli/controller/liveStartController.go:26 (0x15c8346)
	(*LiveStartController).Start: sign := c.Query("sign")
/Users/lihuang/go/pkg/mod/github.com/gin-gonic/gin@v1.9.1/context.go:174 (0x15bf6a1)
	(*Context).Next: c.handlers[c.index](c)
/Users/lihuang/go/pkg/mod/github.com/gin-gonic/gin@v1.9.1/recovery.go:102 (0x15bf68c)
	CustomRecoveryWithWriter.func1: c.Next()
/Users/lihuang/go/pkg/mod/github.com/gin-gonic/gin@v1.9.1/context.go:174 (0x15bf6a1)
	(*Context).Next: c.handlers[c.index](c)
/Users/lihuang/go/pkg/mod/github.com/gin-gonic/gin@v1.9.1/recovery.go:102 (0x15bf68c)
	CustomRecoveryWithWriter.func1: c.Next()
/Users/lihuang/go/pkg/mod/github.com/gin-gonic/gin@v1.9.1/context.go:174 (0x15bd830)
	(*Context).Next: c.handlers[c.index](c)
/Users/lihuang/go/pkg/mod/github.com/gin-gonic/gin@v1.9.1/gin.go:620 (0x15bd498)
	(*Engine).handleHTTPRequest: c.Next()
/Users/lihuang/go/pkg/mod/github.com/gin-gonic/gin@v1.9.1/gin.go:576 (0x15bcfdc)
	(*Engine).ServeHTTP: engine.handleHTTPRequest(c)
/usr/local/go/src/net/http/server.go:2947 (0x13d656b)
	serverHandler.ServeHTTP: handler.ServeHTTP(rw, req)
/usr/local/go/src/net/http/server.go:1991 (0x13d1786)
	(*conn).serve: serverHandler{c.server}.ServeHTTP(w, w.req)
/usr/local/go/src/runtime/asm_amd64.s:1594 (0x1068380)
	goexit: BYTE	$0x90	// NOP
[0m
